<?xml version="1.0" encoding="UTF-8"?>
<!-- Generated by org.testng.reporters.JUnitReportReporter -->
<testsuite hostname="DESKTOP-OKKFGE3" failures="0" tests="2" name="com.demo.testcase.Demo2" time="10.473" errors="0" timestamp="2023-03-26T14:50:36 IST" skipped="0">
  <testcase classname="com.demo.testcase.Demo2" name="testcase2a" time="5.511"/>
  <system-out/>
  <testcase classname="com.demo.testcase.Demo2" name="testcase2b" time="4.962"/>
  <system-out/>
</testsuite> <!-- com.demo.testcase.Demo2 -->
