<?xml version="1.0" encoding="UTF-8"?>
<!-- Generated by org.testng.reporters.JUnitReportReporter -->
<testsuite hostname="DESKTOP-OKKFGE3" failures="0" tests="2" name="com.demo.testcase.Demo1" time="13.019" errors="0" timestamp="2023-03-26T14:50:36 IST" skipped="0">
  <testcase classname="com.demo.testcase.Demo1" name="testcase1" time="5.817"/>
  <system-out/>
  <testcase classname="com.demo.testcase.Demo1" name="testcase2" time="7.202"/>
  <system-out/>
</testsuite> <!-- com.demo.testcase.Demo1 -->
